-- The C compiler identification is GNU 13.3.0
-- The CXX compiler identification is GNU 13.3.0
-- Detecting C compiler ABI info
-- Detecting C compiler ABI info - done
-- Check for working C compiler: /usr/bin/cc - skipped
-- Detecting C compile features
-- Detecting C compile features - done
-- Detecting CXX compiler ABI info
-- Detecting CXX compiler ABI info - done
-- Check for working CXX compiler: /usr/bin/c++ - skipped
-- Detecting CXX compile features
-- Detecting CXX compile features - done
-- Found ament_cmake: 2.5.3 (/opt/ros/jazzy/share/ament_cmake/cmake)
-- Found Python3: /home/ym/ros2_voice_ws/.venv/bin/python3 (found version "3.12.3") found components: Interpreter 
-- Override CMake install command with custom implementation using symlinks instead of copying resources
-- Found std_msgs: 5.3.5 (/opt/ros/jazzy/share/std_msgs/cmake)
-- Found rosidl_generator_c: 4.6.5 (/opt/ros/jazzy/share/rosidl_generator_c/cmake)
-- Found rosidl_generator_cpp: 4.6.5 (/opt/ros/jazzy/share/rosidl_generator_cpp/cmake)
-- Using all available rosidl_typesupport_c: rosidl_typesupport_fastrtps_c;rosidl_typesupport_introspection_c
-- Using all available rosidl_typesupport_cpp: rosidl_typesupport_fastrtps_cpp;rosidl_typesupport_introspection_cpp
-- Found rclcpp: 28.1.6 (/opt/ros/jazzy/share/rclcpp/cmake)
-- Found rmw_implementation_cmake: 7.3.1 (/opt/ros/jazzy/share/rmw_implementation_cmake/cmake)
-- Found rmw_fastrtps_cpp: 8.4.1 (/opt/ros/jazzy/share/rmw_fastrtps_cpp/cmake)
-- Found OpenSSL: /usr/lib/x86_64-linux-gnu/libcrypto.so (found version "3.0.13")  
-- Found FastRTPS: /opt/ros/jazzy/include (Required is at least version "2.13") 
-- Using RMW implementation 'rmw_fastrtps_cpp' as default
-- Found rclpy: 7.1.3 (/opt/ros/jazzy/share/rclpy/cmake)
-- Found rosidl_default_generators: 1.6.0 (/opt/ros/jazzy/share/rosidl_default_generators/cmake)
-- Found rosidl_adapter: 4.6.5 (/opt/ros/jazzy/share/rosidl_adapter/cmake)
-- Found ament_cmake_ros: 0.12.0 (/opt/ros/jazzy/share/ament_cmake_ros/cmake)
-- Using all available rosidl_typesupport_c: rosidl_typesupport_fastrtps_c;rosidl_typesupport_introspection_c
-- Using all available rosidl_typesupport_cpp: rosidl_typesupport_fastrtps_cpp;rosidl_typesupport_introspection_cpp
-- Found python_cmake_module: 0.11.1 (/opt/ros/jazzy/share/python_cmake_module/cmake)
-- Found PythonExtra: /home/ym/ros2_voice_ws/.venv/bin/python3  
-- Found Python3: /home/ym/ros2_voice_ws/.venv/bin/python3 (found version "3.12.3") found components: Interpreter Development NumPy Development.Module Development.Embed 
-- Found ament_lint_auto: 0.17.1 (/opt/ros/jazzy/share/ament_lint_auto/cmake)
-- Added test 'lint_cmake' to check CMake code style
-- Added test 'xmllint' to check XML markup files
-- Configuring done (17.3s)
-- Generating done (0.1s)
-- Build files have been written to: /home/ym/ros2_voice_ws/build/voskros
[  2%] [34m[1mGenerating type hashes for ROS interfaces[0m
[  2%] Built target voskros__rosidl_generator_type_description
[  2%] Built target ament_cmake_python_symlink_voskros
[  5%] [34m[1mGenerating C++ code for ROS interfaces[0m
[  5%] Built target voskros__cpp
[  8%] [34m[1mGenerating C code for ROS interfaces[0m
[ 11%] [32mBuilding C object CMakeFiles/voskros__rosidl_generator_c.dir/rosidl_generator_c/voskros/srv/detail/set_grammar__description.c.o[0m
[ 14%] [32mBuilding C object CMakeFiles/voskros__rosidl_generator_c.dir/rosidl_generator_c/voskros/srv/detail/set_grammar__functions.c.o[0m
[ 17%] [32mBuilding C object CMakeFiles/voskros__rosidl_generator_c.dir/rosidl_generator_c/voskros/srv/detail/set_grammar__type_support.c.o[0m
[ 20%] [32m[1mLinking C shared library libvoskros__rosidl_generator_c.so[0m
[ 20%] Built target voskros__rosidl_generator_c
running egg_info
creating voskros.egg-info
writing voskros.egg-info/PKG-INFO
writing dependency_links to voskros.egg-info/dependency_links.txt
writing top-level names to voskros.egg-info/top_level.txt
writing manifest file 'voskros.egg-info/SOURCES.txt'
reading manifest file 'voskros.egg-info/SOURCES.txt'
writing manifest file 'voskros.egg-info/SOURCES.txt'
[ 20%] Built target ament_cmake_python_build_voskros_egg
[ 23%] [34m[1mGenerating C++ type support dispatch for ROS interfaces[0m
[ 26%] [32mBuilding CXX object CMakeFiles/voskros__rosidl_typesupport_cpp.dir/rosidl_typesupport_cpp/voskros/srv/set_grammar__type_support.cpp.o[0m
[ 29%] [32m[1mLinking CXX shared library libvoskros__rosidl_typesupport_cpp.so[0m
[ 29%] Built target voskros__rosidl_typesupport_cpp
[ 32%] [34m[1mGenerating C type support for eProsima Fast-RTPS[0m
[ 35%] [32mBuilding CXX object CMakeFiles/voskros__rosidl_typesupport_fastrtps_c.dir/rosidl_typesupport_fastrtps_c/voskros/srv/detail/set_grammar__type_support_c.cpp.o[0m
[ 38%] [32m[1mLinking CXX shared library libvoskros__rosidl_typesupport_fastrtps_c.so[0m
[ 38%] Built target voskros__rosidl_typesupport_fastrtps_c
[ 41%] [34m[1mGenerating C++ type support for eProsima Fast-RTPS[0m
[ 44%] [32mBuilding CXX object CMakeFiles/voskros__rosidl_typesupport_fastrtps_cpp.dir/rosidl_typesupport_fastrtps_cpp/voskros/srv/detail/dds_fastrtps/set_grammar__type_support.cpp.o[0m
[ 47%] [32m[1mLinking CXX shared library libvoskros__rosidl_typesupport_fastrtps_cpp.so[0m
[ 47%] Built target voskros__rosidl_typesupport_fastrtps_cpp
[ 50%] [34m[1mGenerating C introspection for ROS interfaces[0m
[ 52%] [32mBuilding C object CMakeFiles/voskros__rosidl_typesupport_introspection_c.dir/rosidl_typesupport_introspection_c/voskros/srv/detail/set_grammar__type_support.c.o[0m
[ 55%] [32m[1mLinking C shared library libvoskros__rosidl_typesupport_introspection_c.so[0m
[ 55%] Built target voskros__rosidl_typesupport_introspection_c
[ 58%] [34m[1mGenerating C type support dispatch for ROS interfaces[0m
[ 61%] [32mBuilding CXX object CMakeFiles/voskros__rosidl_typesupport_c.dir/rosidl_typesupport_c/voskros/srv/set_grammar__type_support.cpp.o[0m
[ 64%] [32m[1mLinking CXX shared library libvoskros__rosidl_typesupport_c.so[0m
[ 64%] Built target voskros__rosidl_typesupport_c
[ 67%] [34m[1mGenerating C++ introspection for ROS interfaces[0m
[ 70%] [32mBuilding CXX object CMakeFiles/voskros__rosidl_typesupport_introspection_cpp.dir/rosidl_typesupport_introspection_cpp/voskros/srv/detail/set_grammar__type_support.cpp.o[0m
[ 73%] [32m[1mLinking CXX shared library libvoskros__rosidl_typesupport_introspection_cpp.so[0m
[ 73%] Built target voskros__rosidl_typesupport_introspection_cpp
[ 73%] Built target voskros
[ 76%] [34m[1mGenerating Python code for ROS interfaces[0m
[ 76%] Built target voskros__py
[ 79%] [32mBuilding C object CMakeFiles/voskros__rosidl_generator_py.dir/rosidl_generator_py/voskros/srv/_set_grammar_s.c.o[0m
[ 82%] [32m[1mLinking C shared library libvoskros__rosidl_generator_py.so[0m
[ 82%] Built target voskros__rosidl_generator_py
[ 85%] [32mBuilding C object CMakeFiles/voskros_s__rosidl_typesupport_fastrtps_c.dir/rosidl_generator_py/voskros/_voskros_s.ep.rosidl_typesupport_fastrtps_c.c.o[0m
[ 88%] [32m[1mLinking C shared module rosidl_generator_py/voskros/voskros_s__rosidl_typesupport_fastrtps_c.so[0m
[ 88%] Built target voskros_s__rosidl_typesupport_fastrtps_c
[ 91%] [32mBuilding C object CMakeFiles/voskros_s__rosidl_typesupport_introspection_c.dir/rosidl_generator_py/voskros/_voskros_s.ep.rosidl_typesupport_introspection_c.c.o[0m
[ 94%] [32m[1mLinking C shared module rosidl_generator_py/voskros/voskros_s__rosidl_typesupport_introspection_c.so[0m
[ 94%] Built target voskros_s__rosidl_typesupport_introspection_c
[ 97%] [32mBuilding C object CMakeFiles/voskros_s__rosidl_typesupport_c.dir/rosidl_generator_py/voskros/_voskros_s.ep.rosidl_typesupport_c.c.o[0m
[100%] [32m[1mLinking C shared module rosidl_generator_py/voskros/voskros_s__rosidl_typesupport_c.so[0m
[100%] Built target voskros_s__rosidl_typesupport_c
-- Install configuration: ""
-- Execute custom install script
-- Symlinking: /home/ym/ros2_voice_ws/install/voskros/share/ament_index/resource_index/rosidl_interfaces/voskros
-- Symlinking: /home/ym/ros2_voice_ws/install/voskros/share/voskros/srv/SetGrammar.json
-- Symlinking: /home/ym/ros2_voice_ws/install/voskros/include/voskros/voskros/msg/rosidl_generator_c__visibility_control.h
-- Symlinking: /home/ym/ros2_voice_ws/install/voskros/include/voskros/voskros/srv/detail/set_grammar__functions.h
-- Symlinking: /home/ym/ros2_voice_ws/install/voskros/include/voskros/voskros/srv/detail/set_grammar__struct.h
-- Symlinking: /home/ym/ros2_voice_ws/install/voskros/include/voskros/voskros/srv/detail/set_grammar__type_support.h
-- Symlinking: /home/ym/ros2_voice_ws/install/voskros/include/voskros/voskros/srv/set_grammar.h
-- Symlinking: /home/ym/ros2_voice_ws/install/voskros/share/voskros/environment/library_path.sh
-- Symlinking: /home/ym/ros2_voice_ws/install/voskros/share/voskros/environment/library_path.dsv
-- Symlinking: /home/ym/ros2_voice_ws/install/voskros/include/voskros/voskros/msg/rosidl_typesupport_fastrtps_c__visibility_control.h
-- Symlinking: /home/ym/ros2_voice_ws/install/voskros/include/voskros/voskros/srv/detail/set_grammar__rosidl_typesupport_fastrtps_c.h
-- Symlinking: /home/ym/ros2_voice_ws/install/voskros/include/voskros/voskros/msg/rosidl_generator_cpp__visibility_control.hpp
-- Symlinking: /home/ym/ros2_voice_ws/install/voskros/include/voskros/voskros/srv/detail/set_grammar__builder.hpp
-- Symlinking: /home/ym/ros2_voice_ws/install/voskros/include/voskros/voskros/srv/detail/set_grammar__struct.hpp
-- Symlinking: /home/ym/ros2_voice_ws/install/voskros/include/voskros/voskros/srv/detail/set_grammar__traits.hpp
-- Symlinking: /home/ym/ros2_voice_ws/install/voskros/include/voskros/voskros/srv/detail/set_grammar__type_support.hpp
-- Symlinking: /home/ym/ros2_voice_ws/install/voskros/include/voskros/voskros/srv/set_grammar.hpp
-- Symlinking: /home/ym/ros2_voice_ws/install/voskros/include/voskros/voskros/msg/rosidl_typesupport_fastrtps_cpp__visibility_control.h
-- Symlinking: /home/ym/ros2_voice_ws/install/voskros/include/voskros/voskros/srv/detail/set_grammar__rosidl_typesupport_fastrtps_cpp.hpp
-- Symlinking: /home/ym/ros2_voice_ws/install/voskros/include/voskros/voskros/msg/rosidl_typesupport_introspection_c__visibility_control.h
-- Symlinking: /home/ym/ros2_voice_ws/install/voskros/include/voskros/voskros/srv/detail/set_grammar__rosidl_typesupport_introspection_c.h
-- Symlinking: /home/ym/ros2_voice_ws/install/voskros/include/voskros/voskros/srv/detail/set_grammar__rosidl_typesupport_introspection_cpp.hpp
-- Symlinking: /home/ym/ros2_voice_ws/install/voskros/share/voskros/environment/pythonpath.sh
-- Symlinking: /home/ym/ros2_voice_ws/install/voskros/share/voskros/environment/pythonpath.dsv
-- Symlinking: /home/ym/ros2_voice_ws/install/voskros/lib/python3.12/site-packages/voskros-1.1.0-py3.12.egg-info/PKG-INFO
-- Symlinking: /home/ym/ros2_voice_ws/install/voskros/lib/python3.12/site-packages/voskros-1.1.0-py3.12.egg-info/SOURCES.txt
-- Symlinking: /home/ym/ros2_voice_ws/install/voskros/lib/python3.12/site-packages/voskros-1.1.0-py3.12.egg-info/dependency_links.txt
-- Symlinking: /home/ym/ros2_voice_ws/install/voskros/lib/python3.12/site-packages/voskros-1.1.0-py3.12.egg-info/top_level.txt
-- Symlinking: /home/ym/ros2_voice_ws/install/voskros/lib/python3.12/site-packages/voskros/__init__.py
-- Symlinking: /home/ym/ros2_voice_ws/install/voskros/lib/python3.12/site-packages/voskros/_voskros_s.ep.rosidl_typesupport_c.c
-- Symlinking: /home/ym/ros2_voice_ws/install/voskros/lib/python3.12/site-packages/voskros/_voskros_s.ep.rosidl_typesupport_fastrtps_c.c
-- Symlinking: /home/ym/ros2_voice_ws/install/voskros/lib/python3.12/site-packages/voskros/_voskros_s.ep.rosidl_typesupport_introspection_c.c
-- Symlinking: /home/ym/ros2_voice_ws/install/voskros/lib/python3.12/site-packages/voskros/srv/__init__.py
-- Symlinking: /home/ym/ros2_voice_ws/install/voskros/lib/python3.12/site-packages/voskros/srv/_set_grammar.py
-- Symlinking: /home/ym/ros2_voice_ws/install/voskros/lib/python3.12/site-packages/voskros/srv/_set_grammar_s.c
-- Symlinking: /home/ym/ros2_voice_ws/install/voskros/lib/python3.12/site-packages/voskros/voskros_s__rosidl_typesupport_c.so
-- Symlinking: /home/ym/ros2_voice_ws/install/voskros/lib/python3.12/site-packages/voskros/voskros_s__rosidl_typesupport_fastrtps_c.so
-- Symlinking: /home/ym/ros2_voice_ws/install/voskros/lib/python3.12/site-packages/voskros/voskros_s__rosidl_typesupport_introspection_c.so
-- Up-to-date symlink: /home/ym/ros2_voice_ws/install/voskros/lib/python3.12/site-packages/voskros/voskros_s__rosidl_typesupport_fastrtps_c.so
-- Up-to-date symlink: /home/ym/ros2_voice_ws/install/voskros/lib/python3.12/site-packages/voskros/voskros_s__rosidl_typesupport_introspection_c.so
-- Up-to-date symlink: /home/ym/ros2_voice_ws/install/voskros/lib/python3.12/site-packages/voskros/voskros_s__rosidl_typesupport_c.so
-- Symlinking: /home/ym/ros2_voice_ws/install/voskros/share/voskros/srv/SetGrammar.idl
-- Symlinking: /home/ym/ros2_voice_ws/install/voskros/share/voskros/srv/SetGrammar.srv
-- Symlinking: /home/ym/ros2_voice_ws/install/voskros/lib/voskros/vosk
-- Symlinking: /home/ym/ros2_voice_ws/install/voskros/lib/voskros/prompter
-- Symlinking: /home/ym/ros2_voice_ws/install/voskros/lib/voskros/set_grammar.sh
-- Symlinking: /home/ym/ros2_voice_ws/install/voskros/share/voskros//config/prompter.yaml
-- Symlinking: /home/ym/ros2_voice_ws/install/voskros/share/voskros//launch/voskros.launch.yaml
-- Symlinking: /home/ym/ros2_voice_ws/install/voskros/share/ament_index/resource_index/package_run_dependencies/voskros
-- Symlinking: /home/ym/ros2_voice_ws/install/voskros/share/ament_index/resource_index/parent_prefix_path/voskros
-- Symlinking: /home/ym/ros2_voice_ws/install/voskros/share/voskros/environment/ament_prefix_path.sh
-- Symlinking: /home/ym/ros2_voice_ws/install/voskros/share/voskros/environment/ament_prefix_path.dsv
-- Symlinking: /home/ym/ros2_voice_ws/install/voskros/share/voskros/environment/path.sh
-- Symlinking: /home/ym/ros2_voice_ws/install/voskros/share/voskros/environment/path.dsv
-- Symlinking: /home/ym/ros2_voice_ws/install/voskros/share/voskros/local_setup.bash
-- Symlinking: /home/ym/ros2_voice_ws/install/voskros/share/voskros/local_setup.sh
-- Symlinking: /home/ym/ros2_voice_ws/install/voskros/share/voskros/local_setup.zsh
-- Symlinking: /home/ym/ros2_voice_ws/install/voskros/share/voskros/local_setup.dsv
-- Symlinking: /home/ym/ros2_voice_ws/install/voskros/share/voskros/package.dsv
-- Symlinking: /home/ym/ros2_voice_ws/install/voskros/share/ament_index/resource_index/packages/voskros
-- Symlinking: /home/ym/ros2_voice_ws/install/voskros/share/voskros/cmake/rosidl_cmake-extras.cmake
-- Symlinking: /home/ym/ros2_voice_ws/install/voskros/share/voskros/cmake/ament_cmake_export_dependencies-extras.cmake
-- Symlinking: /home/ym/ros2_voice_ws/install/voskros/share/voskros/cmake/ament_cmake_export_include_directories-extras.cmake
-- Symlinking: /home/ym/ros2_voice_ws/install/voskros/share/voskros/cmake/ament_cmake_export_libraries-extras.cmake
-- Symlinking: /home/ym/ros2_voice_ws/install/voskros/share/voskros/cmake/ament_cmake_export_targets-extras.cmake
-- Symlinking: /home/ym/ros2_voice_ws/install/voskros/share/voskros/cmake/rosidl_cmake_export_typesupport_targets-extras.cmake
-- Symlinking: /home/ym/ros2_voice_ws/install/voskros/share/voskros/cmake/rosidl_cmake_export_typesupport_libraries-extras.cmake
-- Symlinking: /home/ym/ros2_voice_ws/install/voskros/share/voskros/cmake/voskrosConfig.cmake
-- Symlinking: /home/ym/ros2_voice_ws/install/voskros/share/voskros/cmake/voskrosConfig-version.cmake
-- Symlinking: /home/ym/ros2_voice_ws/install/voskros/share/voskros/package.xml
-- Installing: /home/ym/ros2_voice_ws/install/voskros/lib/libvoskros__rosidl_generator_c.so
-- Set non-toolchain portion of runtime path of "/home/ym/ros2_voice_ws/install/voskros/lib/libvoskros__rosidl_generator_c.so" to ""
-- Installing: /home/ym/ros2_voice_ws/install/voskros/lib/libvoskros__rosidl_typesupport_fastrtps_c.so
-- Set non-toolchain portion of runtime path of "/home/ym/ros2_voice_ws/install/voskros/lib/libvoskros__rosidl_typesupport_fastrtps_c.so" to ""
-- Installing: /home/ym/ros2_voice_ws/install/voskros/lib/libvoskros__rosidl_typesupport_fastrtps_cpp.so
-- Set non-toolchain portion of runtime path of "/home/ym/ros2_voice_ws/install/voskros/lib/libvoskros__rosidl_typesupport_fastrtps_cpp.so" to ""
-- Installing: /home/ym/ros2_voice_ws/install/voskros/lib/libvoskros__rosidl_typesupport_introspection_c.so
-- Set non-toolchain portion of runtime path of "/home/ym/ros2_voice_ws/install/voskros/lib/libvoskros__rosidl_typesupport_introspection_c.so" to ""
-- Installing: /home/ym/ros2_voice_ws/install/voskros/lib/libvoskros__rosidl_typesupport_c.so
-- Set non-toolchain portion of runtime path of "/home/ym/ros2_voice_ws/install/voskros/lib/libvoskros__rosidl_typesupport_c.so" to ""
-- Installing: /home/ym/ros2_voice_ws/install/voskros/lib/libvoskros__rosidl_typesupport_introspection_cpp.so
-- Set non-toolchain portion of runtime path of "/home/ym/ros2_voice_ws/install/voskros/lib/libvoskros__rosidl_typesupport_introspection_cpp.so" to ""
-- Installing: /home/ym/ros2_voice_ws/install/voskros/lib/libvoskros__rosidl_typesupport_cpp.so
-- Set non-toolchain portion of runtime path of "/home/ym/ros2_voice_ws/install/voskros/lib/libvoskros__rosidl_typesupport_cpp.so" to ""
Listing '/home/ym/ros2_voice_ws/install/voskros/lib/python3.12/site-packages/voskros'...
Compiling '/home/ym/ros2_voice_ws/install/voskros/lib/python3.12/site-packages/voskros/__init__.py'...
Listing '/home/ym/ros2_voice_ws/install/voskros/lib/python3.12/site-packages/voskros/srv'...
Compiling '/home/ym/ros2_voice_ws/install/voskros/lib/python3.12/site-packages/voskros/srv/__init__.py'...
Compiling '/home/ym/ros2_voice_ws/install/voskros/lib/python3.12/site-packages/voskros/srv/_set_grammar.py'...
-- Installing: /home/ym/ros2_voice_ws/install/voskros/lib/libvoskros__rosidl_generator_py.so
-- Set non-toolchain portion of runtime path of "/home/ym/ros2_voice_ws/install/voskros/lib/libvoskros__rosidl_generator_py.so" to ""
-- Installing: /home/ym/ros2_voice_ws/install/voskros/share/voskros/cmake/export_voskros__rosidl_generator_cExport.cmake
-- Installing: /home/ym/ros2_voice_ws/install/voskros/share/voskros/cmake/export_voskros__rosidl_generator_cExport-noconfig.cmake
-- Installing: /home/ym/ros2_voice_ws/install/voskros/share/voskros/cmake/export_voskros__rosidl_typesupport_fastrtps_cExport.cmake
-- Installing: /home/ym/ros2_voice_ws/install/voskros/share/voskros/cmake/export_voskros__rosidl_typesupport_fastrtps_cExport-noconfig.cmake
-- Installing: /home/ym/ros2_voice_ws/install/voskros/share/voskros/cmake/export_voskros__rosidl_generator_cppExport.cmake
-- Installing: /home/ym/ros2_voice_ws/install/voskros/share/voskros/cmake/export_voskros__rosidl_typesupport_fastrtps_cppExport.cmake
-- Installing: /home/ym/ros2_voice_ws/install/voskros/share/voskros/cmake/export_voskros__rosidl_typesupport_fastrtps_cppExport-noconfig.cmake
-- Installing: /home/ym/ros2_voice_ws/install/voskros/share/voskros/cmake/voskros__rosidl_typesupport_introspection_cExport.cmake
-- Installing: /home/ym/ros2_voice_ws/install/voskros/share/voskros/cmake/voskros__rosidl_typesupport_introspection_cExport-noconfig.cmake
-- Installing: /home/ym/ros2_voice_ws/install/voskros/share/voskros/cmake/voskros__rosidl_typesupport_cExport.cmake
-- Installing: /home/ym/ros2_voice_ws/install/voskros/share/voskros/cmake/voskros__rosidl_typesupport_cExport-noconfig.cmake
-- Installing: /home/ym/ros2_voice_ws/install/voskros/share/voskros/cmake/voskros__rosidl_typesupport_introspection_cppExport.cmake
-- Installing: /home/ym/ros2_voice_ws/install/voskros/share/voskros/cmake/voskros__rosidl_typesupport_introspection_cppExport-noconfig.cmake
-- Installing: /home/ym/ros2_voice_ws/install/voskros/share/voskros/cmake/voskros__rosidl_typesupport_cppExport.cmake
-- Installing: /home/ym/ros2_voice_ws/install/voskros/share/voskros/cmake/voskros__rosidl_typesupport_cppExport-noconfig.cmake
-- Installing: /home/ym/ros2_voice_ws/install/voskros/share/voskros/cmake/export_voskros__rosidl_generator_pyExport.cmake
-- Installing: /home/ym/ros2_voice_ws/install/voskros/share/voskros/cmake/export_voskros__rosidl_generator_pyExport-noconfig.cmake
