[2.196s] Invoking command in '/home/ym/ros2_voice_ws/build/voskros': CMAKE_PREFIX_PATH=${CMAKE_PREFIX_PATH}:/home/ym/ros2_voice_ws/install/voice_turtlesim_controller:/opt/ros/jazzy DEBUGINFOD_URLS=https://debuginfod.ubuntu.com PS1=(.venv) \[\e]0;\u@\h: \w\a\]${debian_chroot:+($debian_chroot)}\[\033[01;32m\]\u@\h\[\033[00m\]:\[\033[01;34m\]\w\[\033[00m\]\$ VIRTUAL_ENV_PROMPT=(.venv) /usr/bin/cmake /home/ym/ros2_voice_ws/src/voskros -DAMENT_CMAKE_SYMLINK_INSTALL=1 -DCMAKE_INSTALL_PREFIX=/home/ym/ros2_voice_ws/install/voskros
[2.807s] -- The C compiler identification is GNU 13.3.0
[3.554s] -- The CXX compiler identification is GNU 13.3.0
[3.642s] -- Detecting C compiler ABI info
[4.570s] -- Detecting C compiler ABI info - done
[4.669s] -- Check for working C compiler: /usr/bin/cc - skipped
[4.674s] -- Detecting C compile features
[4.681s] -- Detecting C compile features - done
[4.793s] -- Detecting CXX compiler ABI info
[5.981s] -- Detecting CXX compiler ABI info - done
[6.212s] -- Check for working CXX compiler: /usr/bin/c++ - skipped
[6.218s] -- Detecting CXX compile features
[6.226s] -- Detecting CXX compile features - done
[6.278s] -- Found ament_cmake: 2.5.3 (/opt/ros/jazzy/share/ament_cmake/cmake)
[7.116s] -- Found Python3: /home/ym/ros2_voice_ws/.venv/bin/python3 (found version "3.12.3") found components: Interpreter 
[7.522s] -- Override CMake install command with custom implementation using symlinks instead of copying resources
[7.967s] -- Found std_msgs: 5.3.5 (/opt/ros/jazzy/share/std_msgs/cmake)
[8.490s] -- Found rosidl_generator_c: 4.6.5 (/opt/ros/jazzy/share/rosidl_generator_c/cmake)
[8.811s] -- Found rosidl_generator_cpp: 4.6.5 (/opt/ros/jazzy/share/rosidl_generator_cpp/cmake)
[8.939s] -- Using all available rosidl_typesupport_c: rosidl_typesupport_fastrtps_c;rosidl_typesupport_introspection_c
[9.048s] -- Using all available rosidl_typesupport_cpp: rosidl_typesupport_fastrtps_cpp;rosidl_typesupport_introspection_cpp
[9.268s] -- Found rclcpp: 28.1.6 (/opt/ros/jazzy/share/rclcpp/cmake)
[9.724s] -- Found rmw_implementation_cmake: 7.3.1 (/opt/ros/jazzy/share/rmw_implementation_cmake/cmake)
[9.749s] -- Found rmw_fastrtps_cpp: 8.4.1 (/opt/ros/jazzy/share/rmw_fastrtps_cpp/cmake)
[10.268s] -- Found OpenSSL: /usr/lib/x86_64-linux-gnu/libcrypto.so (found version "3.0.13")  
[10.382s] -- Found FastRTPS: /opt/ros/jazzy/include (Required is at least version "2.13") 
[10.512s] -- Using RMW implementation 'rmw_fastrtps_cpp' as default
[11.041s] -- Found rclpy: 7.1.3 (/opt/ros/jazzy/share/rclpy/cmake)
[11.057s] -- Found rosidl_default_generators: 1.6.0 (/opt/ros/jazzy/share/rosidl_default_generators/cmake)
[11.148s] -- Found rosidl_adapter: 4.6.5 (/opt/ros/jazzy/share/rosidl_adapter/cmake)
[13.527s] -- Found ament_cmake_ros: 0.12.0 (/opt/ros/jazzy/share/ament_cmake_ros/cmake)
[16.220s] -- Using all available rosidl_typesupport_c: rosidl_typesupport_fastrtps_c;rosidl_typesupport_introspection_c
[17.349s] -- Using all available rosidl_typesupport_cpp: rosidl_typesupport_fastrtps_cpp;rosidl_typesupport_introspection_cpp
[17.366s] -- Found python_cmake_module: 0.11.1 (/opt/ros/jazzy/share/python_cmake_module/cmake)
[17.777s] -- Found PythonExtra: /home/ym/ros2_voice_ws/.venv/bin/python3  
[19.230s] -- Found Python3: /home/ym/ros2_voice_ws/.venv/bin/python3 (found version "3.12.3") found components: Interpreter Development NumPy Development.Module Development.Embed 
[19.477s] -- Found ament_lint_auto: 0.17.1 (/opt/ros/jazzy/share/ament_lint_auto/cmake)
[19.609s] -- Added test 'lint_cmake' to check CMake code style
[19.636s] -- Added test 'xmllint' to check XML markup files
[19.657s] -- Configuring done (17.3s)
[19.806s] -- Generating done (0.1s)
[19.861s] -- Build files have been written to: /home/ym/ros2_voice_ws/build/voskros
[19.899s] Invoked command in '/home/ym/ros2_voice_ws/build/voskros' returned '0': CMAKE_PREFIX_PATH=${CMAKE_PREFIX_PATH}:/home/ym/ros2_voice_ws/install/voice_turtlesim_controller:/opt/ros/jazzy DEBUGINFOD_URLS=https://debuginfod.ubuntu.com PS1=(.venv) \[\e]0;\u@\h: \w\a\]${debian_chroot:+($debian_chroot)}\[\033[01;32m\]\u@\h\[\033[00m\]:\[\033[01;34m\]\w\[\033[00m\]\$ VIRTUAL_ENV_PROMPT=(.venv) /usr/bin/cmake /home/ym/ros2_voice_ws/src/voskros -DAMENT_CMAKE_SYMLINK_INSTALL=1 -DCMAKE_INSTALL_PREFIX=/home/ym/ros2_voice_ws/install/voskros
[19.905s] Invoking command in '/home/ym/ros2_voice_ws/build/voskros': CMAKE_PREFIX_PATH=${CMAKE_PREFIX_PATH}:/home/ym/ros2_voice_ws/install/voice_turtlesim_controller:/opt/ros/jazzy DEBUGINFOD_URLS=https://debuginfod.ubuntu.com PS1=(.venv) \[\e]0;\u@\h: \w\a\]${debian_chroot:+($debian_chroot)}\[\033[01;32m\]\u@\h\[\033[00m\]:\[\033[01;34m\]\w\[\033[00m\]\$ VIRTUAL_ENV_PROMPT=(.venv) /usr/bin/cmake --build /home/ym/ros2_voice_ws/build/voskros -- -j2 -l2
[20.089s] [  2%] [34m[1mGenerating type hashes for ROS interfaces[0m
[20.925s] [  2%] Built target voskros__rosidl_generator_type_description
[21.020s] [  2%] Built target ament_cmake_python_symlink_voskros
[21.119s] [  5%] [34m[1mGenerating C++ code for ROS interfaces[0m
[22.718s] [  5%] Built target voskros__cpp
[22.750s] [  8%] [34m[1mGenerating C code for ROS interfaces[0m
[24.516s] [ 11%] [32mBuilding C object CMakeFiles/voskros__rosidl_generator_c.dir/rosidl_generator_c/voskros/srv/detail/set_grammar__description.c.o[0m
[24.695s] [ 14%] [32mBuilding C object CMakeFiles/voskros__rosidl_generator_c.dir/rosidl_generator_c/voskros/srv/detail/set_grammar__functions.c.o[0m
[24.982s] [ 17%] [32mBuilding C object CMakeFiles/voskros__rosidl_generator_c.dir/rosidl_generator_c/voskros/srv/detail/set_grammar__type_support.c.o[0m
[25.186s] [ 20%] [32m[1mLinking C shared library libvoskros__rosidl_generator_c.so[0m
[25.341s] [ 20%] Built target voskros__rosidl_generator_c
[26.113s] running egg_info
[26.166s] creating voskros.egg-info
[26.166s] writing voskros.egg-info/PKG-INFO
[26.167s] writing dependency_links to voskros.egg-info/dependency_links.txt
[26.168s] writing top-level names to voskros.egg-info/top_level.txt
[26.168s] writing manifest file 'voskros.egg-info/SOURCES.txt'
[26.353s] reading manifest file 'voskros.egg-info/SOURCES.txt'
[26.356s] writing manifest file 'voskros.egg-info/SOURCES.txt'
[26.474s] [ 20%] Built target ament_cmake_python_build_voskros_egg
[26.508s] [ 23%] [34m[1mGenerating C++ type support dispatch for ROS interfaces[0m
[27.569s] [ 26%] [32mBuilding CXX object CMakeFiles/voskros__rosidl_typesupport_cpp.dir/rosidl_typesupport_cpp/voskros/srv/set_grammar__type_support.cpp.o[0m
[29.039s] [ 29%] [32m[1mLinking CXX shared library libvoskros__rosidl_typesupport_cpp.so[0m
[29.296s] [ 29%] Built target voskros__rosidl_typesupport_cpp
[29.327s] [ 32%] [34m[1mGenerating C type support for eProsima Fast-RTPS[0m
[31.059s] [ 35%] [32mBuilding CXX object CMakeFiles/voskros__rosidl_typesupport_fastrtps_c.dir/rosidl_typesupport_fastrtps_c/voskros/srv/detail/set_grammar__type_support_c.cpp.o[0m
[32.708s] [ 38%] [32m[1mLinking CXX shared library libvoskros__rosidl_typesupport_fastrtps_c.so[0m
[32.977s] [ 38%] Built target voskros__rosidl_typesupport_fastrtps_c
[33.021s] [ 41%] [34m[1mGenerating C++ type support for eProsima Fast-RTPS[0m
[34.663s] [ 44%] [32mBuilding CXX object CMakeFiles/voskros__rosidl_typesupport_fastrtps_cpp.dir/rosidl_typesupport_fastrtps_cpp/voskros/srv/detail/dds_fastrtps/set_grammar__type_support.cpp.o[0m
[36.873s] [ 47%] [32m[1mLinking CXX shared library libvoskros__rosidl_typesupport_fastrtps_cpp.so[0m
[37.143s] [ 47%] Built target voskros__rosidl_typesupport_fastrtps_cpp
[37.183s] [ 50%] [34m[1mGenerating C introspection for ROS interfaces[0m
[38.564s] [ 52%] [32mBuilding C object CMakeFiles/voskros__rosidl_typesupport_introspection_c.dir/rosidl_typesupport_introspection_c/voskros/srv/detail/set_grammar__type_support.c.o[0m
[38.815s] [ 55%] [32m[1mLinking C shared library libvoskros__rosidl_typesupport_introspection_c.so[0m
[38.947s] [ 55%] Built target voskros__rosidl_typesupport_introspection_c
[38.981s] [ 58%] [34m[1mGenerating C type support dispatch for ROS interfaces[0m
[40.168s] [ 61%] [32mBuilding CXX object CMakeFiles/voskros__rosidl_typesupport_c.dir/rosidl_typesupport_c/voskros/srv/set_grammar__type_support.cpp.o[0m
[40.339s] [ 64%] [32m[1mLinking CXX shared library libvoskros__rosidl_typesupport_c.so[0m
[40.483s] [ 64%] Built target voskros__rosidl_typesupport_c
[40.524s] [ 67%] [34m[1mGenerating C++ introspection for ROS interfaces[0m
[41.854s] [ 70%] [32mBuilding CXX object CMakeFiles/voskros__rosidl_typesupport_introspection_cpp.dir/rosidl_typesupport_introspection_cpp/voskros/srv/detail/set_grammar__type_support.cpp.o[0m
[43.610s] [ 73%] [32m[1mLinking CXX shared library libvoskros__rosidl_typesupport_introspection_cpp.so[0m
[43.875s] [ 73%] Built target voskros__rosidl_typesupport_introspection_cpp
[43.955s] [ 73%] Built target voskros
[44.029s] [ 76%] [34m[1mGenerating Python code for ROS interfaces[0m
[46.280s] [ 76%] Built target voskros__py
[46.349s] [ 79%] [32mBuilding C object CMakeFiles/voskros__rosidl_generator_py.dir/rosidl_generator_py/voskros/srv/_set_grammar_s.c.o[0m
[46.940s] [ 82%] [32m[1mLinking C shared library libvoskros__rosidl_generator_py.so[0m
[47.092s] [ 82%] Built target voskros__rosidl_generator_py
[47.155s] [ 85%] [32mBuilding C object CMakeFiles/voskros_s__rosidl_typesupport_fastrtps_c.dir/rosidl_generator_py/voskros/_voskros_s.ep.rosidl_typesupport_fastrtps_c.c.o[0m
[47.568s] [ 88%] [32m[1mLinking C shared module rosidl_generator_py/voskros/voskros_s__rosidl_typesupport_fastrtps_c.so[0m
[47.715s] [ 88%] Built target voskros_s__rosidl_typesupport_fastrtps_c
[47.788s] [ 91%] [32mBuilding C object CMakeFiles/voskros_s__rosidl_typesupport_introspection_c.dir/rosidl_generator_py/voskros/_voskros_s.ep.rosidl_typesupport_introspection_c.c.o[0m
[48.179s] [ 94%] [32m[1mLinking C shared module rosidl_generator_py/voskros/voskros_s__rosidl_typesupport_introspection_c.so[0m
[48.281s] [ 94%] Built target voskros_s__rosidl_typesupport_introspection_c
[48.350s] [ 97%] [32mBuilding C object CMakeFiles/voskros_s__rosidl_typesupport_c.dir/rosidl_generator_py/voskros/_voskros_s.ep.rosidl_typesupport_c.c.o[0m
[48.729s] [100%] [32m[1mLinking C shared module rosidl_generator_py/voskros/voskros_s__rosidl_typesupport_c.so[0m
[48.835s] [100%] Built target voskros_s__rosidl_typesupport_c
[48.866s] Invoked command in '/home/ym/ros2_voice_ws/build/voskros' returned '0': CMAKE_PREFIX_PATH=${CMAKE_PREFIX_PATH}:/home/ym/ros2_voice_ws/install/voice_turtlesim_controller:/opt/ros/jazzy DEBUGINFOD_URLS=https://debuginfod.ubuntu.com PS1=(.venv) \[\e]0;\u@\h: \w\a\]${debian_chroot:+($debian_chroot)}\[\033[01;32m\]\u@\h\[\033[00m\]:\[\033[01;34m\]\w\[\033[00m\]\$ VIRTUAL_ENV_PROMPT=(.venv) /usr/bin/cmake --build /home/ym/ros2_voice_ws/build/voskros -- -j2 -l2
[48.904s] Invoking command in '/home/ym/ros2_voice_ws/build/voskros': CMAKE_PREFIX_PATH=${CMAKE_PREFIX_PATH}:/home/ym/ros2_voice_ws/install/voice_turtlesim_controller:/opt/ros/jazzy DEBUGINFOD_URLS=https://debuginfod.ubuntu.com PS1=(.venv) \[\e]0;\u@\h: \w\a\]${debian_chroot:+($debian_chroot)}\[\033[01;32m\]\u@\h\[\033[00m\]:\[\033[01;34m\]\w\[\033[00m\]\$ VIRTUAL_ENV_PROMPT=(.venv) /usr/bin/cmake --install /home/ym/ros2_voice_ws/build/voskros
[48.935s] -- Install configuration: ""
[48.937s] -- Execute custom install script
[48.939s] -- Symlinking: /home/ym/ros2_voice_ws/install/voskros/share/ament_index/resource_index/rosidl_interfaces/voskros
[48.972s] -- Symlinking: /home/ym/ros2_voice_ws/install/voskros/share/voskros/srv/SetGrammar.json
[49.007s] -- Symlinking: /home/ym/ros2_voice_ws/install/voskros/include/voskros/voskros/msg/rosidl_generator_c__visibility_control.h
[49.039s] -- Symlinking: /home/ym/ros2_voice_ws/install/voskros/include/voskros/voskros/srv/detail/set_grammar__functions.h
[49.066s] -- Symlinking: /home/ym/ros2_voice_ws/install/voskros/include/voskros/voskros/srv/detail/set_grammar__struct.h
[49.093s] -- Symlinking: /home/ym/ros2_voice_ws/install/voskros/include/voskros/voskros/srv/detail/set_grammar__type_support.h
[49.130s] -- Symlinking: /home/ym/ros2_voice_ws/install/voskros/include/voskros/voskros/srv/set_grammar.h
[49.167s] -- Symlinking: /home/ym/ros2_voice_ws/install/voskros/share/voskros/environment/library_path.sh
[49.196s] -- Symlinking: /home/ym/ros2_voice_ws/install/voskros/share/voskros/environment/library_path.dsv
[49.232s] -- Symlinking: /home/ym/ros2_voice_ws/install/voskros/include/voskros/voskros/msg/rosidl_typesupport_fastrtps_c__visibility_control.h
[49.267s] -- Symlinking: /home/ym/ros2_voice_ws/install/voskros/include/voskros/voskros/srv/detail/set_grammar__rosidl_typesupport_fastrtps_c.h
[49.307s] -- Symlinking: /home/ym/ros2_voice_ws/install/voskros/include/voskros/voskros/msg/rosidl_generator_cpp__visibility_control.hpp
[49.380s] -- Symlinking: /home/ym/ros2_voice_ws/install/voskros/include/voskros/voskros/srv/detail/set_grammar__builder.hpp
[49.444s] -- Symlinking: /home/ym/ros2_voice_ws/install/voskros/include/voskros/voskros/srv/detail/set_grammar__struct.hpp
[49.514s] -- Symlinking: /home/ym/ros2_voice_ws/install/voskros/include/voskros/voskros/srv/detail/set_grammar__traits.hpp
[49.569s] -- Symlinking: /home/ym/ros2_voice_ws/install/voskros/include/voskros/voskros/srv/detail/set_grammar__type_support.hpp
[49.627s] -- Symlinking: /home/ym/ros2_voice_ws/install/voskros/include/voskros/voskros/srv/set_grammar.hpp
[49.667s] -- Symlinking: /home/ym/ros2_voice_ws/install/voskros/include/voskros/voskros/msg/rosidl_typesupport_fastrtps_cpp__visibility_control.h
[49.716s] -- Symlinking: /home/ym/ros2_voice_ws/install/voskros/include/voskros/voskros/srv/detail/set_grammar__rosidl_typesupport_fastrtps_cpp.hpp
[49.757s] -- Symlinking: /home/ym/ros2_voice_ws/install/voskros/include/voskros/voskros/msg/rosidl_typesupport_introspection_c__visibility_control.h
[49.791s] -- Symlinking: /home/ym/ros2_voice_ws/install/voskros/include/voskros/voskros/srv/detail/set_grammar__rosidl_typesupport_introspection_c.h
[49.832s] -- Symlinking: /home/ym/ros2_voice_ws/install/voskros/include/voskros/voskros/srv/detail/set_grammar__rosidl_typesupport_introspection_cpp.hpp
[49.877s] -- Symlinking: /home/ym/ros2_voice_ws/install/voskros/share/voskros/environment/pythonpath.sh
[49.965s] -- Symlinking: /home/ym/ros2_voice_ws/install/voskros/share/voskros/environment/pythonpath.dsv
[49.997s] -- Symlinking: /home/ym/ros2_voice_ws/install/voskros/lib/python3.12/site-packages/voskros-1.1.0-py3.12.egg-info/PKG-INFO
[50.032s] -- Symlinking: /home/ym/ros2_voice_ws/install/voskros/lib/python3.12/site-packages/voskros-1.1.0-py3.12.egg-info/SOURCES.txt
[50.070s] -- Symlinking: /home/ym/ros2_voice_ws/install/voskros/lib/python3.12/site-packages/voskros-1.1.0-py3.12.egg-info/dependency_links.txt
[50.108s] -- Symlinking: /home/ym/ros2_voice_ws/install/voskros/lib/python3.12/site-packages/voskros-1.1.0-py3.12.egg-info/top_level.txt
[50.164s] -- Symlinking: /home/ym/ros2_voice_ws/install/voskros/lib/python3.12/site-packages/voskros/__init__.py
[50.191s] -- Symlinking: /home/ym/ros2_voice_ws/install/voskros/lib/python3.12/site-packages/voskros/_voskros_s.ep.rosidl_typesupport_c.c
[50.219s] -- Symlinking: /home/ym/ros2_voice_ws/install/voskros/lib/python3.12/site-packages/voskros/_voskros_s.ep.rosidl_typesupport_fastrtps_c.c
[50.258s] -- Symlinking: /home/ym/ros2_voice_ws/install/voskros/lib/python3.12/site-packages/voskros/_voskros_s.ep.rosidl_typesupport_introspection_c.c
[50.339s] -- Symlinking: /home/ym/ros2_voice_ws/install/voskros/lib/python3.12/site-packages/voskros/srv/__init__.py
[50.474s] -- Symlinking: /home/ym/ros2_voice_ws/install/voskros/lib/python3.12/site-packages/voskros/srv/_set_grammar.py
[50.547s] -- Symlinking: /home/ym/ros2_voice_ws/install/voskros/lib/python3.12/site-packages/voskros/srv/_set_grammar_s.c
[50.657s] -- Symlinking: /home/ym/ros2_voice_ws/install/voskros/lib/python3.12/site-packages/voskros/voskros_s__rosidl_typesupport_c.so
[50.756s] -- Symlinking: /home/ym/ros2_voice_ws/install/voskros/lib/python3.12/site-packages/voskros/voskros_s__rosidl_typesupport_fastrtps_c.so
[50.851s] -- Symlinking: /home/ym/ros2_voice_ws/install/voskros/lib/python3.12/site-packages/voskros/voskros_s__rosidl_typesupport_introspection_c.so
[50.904s] -- Up-to-date symlink: /home/ym/ros2_voice_ws/install/voskros/lib/python3.12/site-packages/voskros/voskros_s__rosidl_typesupport_fastrtps_c.so
[50.905s] -- Up-to-date symlink: /home/ym/ros2_voice_ws/install/voskros/lib/python3.12/site-packages/voskros/voskros_s__rosidl_typesupport_introspection_c.so
[50.907s] -- Up-to-date symlink: /home/ym/ros2_voice_ws/install/voskros/lib/python3.12/site-packages/voskros/voskros_s__rosidl_typesupport_c.so
[50.908s] -- Symlinking: /home/ym/ros2_voice_ws/install/voskros/share/voskros/srv/SetGrammar.idl
[50.948s] -- Symlinking: /home/ym/ros2_voice_ws/install/voskros/share/voskros/srv/SetGrammar.srv
[50.976s] -- Symlinking: /home/ym/ros2_voice_ws/install/voskros/lib/voskros/vosk
[51.005s] -- Symlinking: /home/ym/ros2_voice_ws/install/voskros/lib/voskros/prompter
[51.031s] -- Symlinking: /home/ym/ros2_voice_ws/install/voskros/lib/voskros/set_grammar.sh
[51.059s] -- Symlinking: /home/ym/ros2_voice_ws/install/voskros/share/voskros//config/prompter.yaml
[51.084s] -- Symlinking: /home/ym/ros2_voice_ws/install/voskros/share/voskros//launch/voskros.launch.yaml
[51.112s] -- Symlinking: /home/ym/ros2_voice_ws/install/voskros/share/ament_index/resource_index/package_run_dependencies/voskros
[51.137s] -- Symlinking: /home/ym/ros2_voice_ws/install/voskros/share/ament_index/resource_index/parent_prefix_path/voskros
[51.166s] -- Symlinking: /home/ym/ros2_voice_ws/install/voskros/share/voskros/environment/ament_prefix_path.sh
[51.191s] -- Symlinking: /home/ym/ros2_voice_ws/install/voskros/share/voskros/environment/ament_prefix_path.dsv
[51.217s] -- Symlinking: /home/ym/ros2_voice_ws/install/voskros/share/voskros/environment/path.sh
[51.243s] -- Symlinking: /home/ym/ros2_voice_ws/install/voskros/share/voskros/environment/path.dsv
[51.271s] -- Symlinking: /home/ym/ros2_voice_ws/install/voskros/share/voskros/local_setup.bash
[51.299s] -- Symlinking: /home/ym/ros2_voice_ws/install/voskros/share/voskros/local_setup.sh
[51.327s] -- Symlinking: /home/ym/ros2_voice_ws/install/voskros/share/voskros/local_setup.zsh
[51.357s] -- Symlinking: /home/ym/ros2_voice_ws/install/voskros/share/voskros/local_setup.dsv
[51.385s] -- Symlinking: /home/ym/ros2_voice_ws/install/voskros/share/voskros/package.dsv
[51.417s] -- Symlinking: /home/ym/ros2_voice_ws/install/voskros/share/ament_index/resource_index/packages/voskros
[51.451s] -- Symlinking: /home/ym/ros2_voice_ws/install/voskros/share/voskros/cmake/rosidl_cmake-extras.cmake
[51.488s] -- Symlinking: /home/ym/ros2_voice_ws/install/voskros/share/voskros/cmake/ament_cmake_export_dependencies-extras.cmake
[51.527s] -- Symlinking: /home/ym/ros2_voice_ws/install/voskros/share/voskros/cmake/ament_cmake_export_include_directories-extras.cmake
[51.566s] -- Symlinking: /home/ym/ros2_voice_ws/install/voskros/share/voskros/cmake/ament_cmake_export_libraries-extras.cmake
[51.621s] -- Symlinking: /home/ym/ros2_voice_ws/install/voskros/share/voskros/cmake/ament_cmake_export_targets-extras.cmake
[51.662s] -- Symlinking: /home/ym/ros2_voice_ws/install/voskros/share/voskros/cmake/rosidl_cmake_export_typesupport_targets-extras.cmake
[51.692s] -- Symlinking: /home/ym/ros2_voice_ws/install/voskros/share/voskros/cmake/rosidl_cmake_export_typesupport_libraries-extras.cmake
[51.722s] -- Symlinking: /home/ym/ros2_voice_ws/install/voskros/share/voskros/cmake/voskrosConfig.cmake
[51.751s] -- Symlinking: /home/ym/ros2_voice_ws/install/voskros/share/voskros/cmake/voskrosConfig-version.cmake
[51.781s] -- Symlinking: /home/ym/ros2_voice_ws/install/voskros/share/voskros/package.xml
[51.811s] -- Installing: /home/ym/ros2_voice_ws/install/voskros/lib/libvoskros__rosidl_generator_c.so
[51.813s] -- Set non-toolchain portion of runtime path of "/home/ym/ros2_voice_ws/install/voskros/lib/libvoskros__rosidl_generator_c.so" to ""
[51.814s] -- Installing: /home/ym/ros2_voice_ws/install/voskros/lib/libvoskros__rosidl_typesupport_fastrtps_c.so
[51.817s] -- Set non-toolchain portion of runtime path of "/home/ym/ros2_voice_ws/install/voskros/lib/libvoskros__rosidl_typesupport_fastrtps_c.so" to ""
[51.818s] -- Installing: /home/ym/ros2_voice_ws/install/voskros/lib/libvoskros__rosidl_typesupport_fastrtps_cpp.so
[51.820s] -- Set non-toolchain portion of runtime path of "/home/ym/ros2_voice_ws/install/voskros/lib/libvoskros__rosidl_typesupport_fastrtps_cpp.so" to ""
[51.822s] -- Installing: /home/ym/ros2_voice_ws/install/voskros/lib/libvoskros__rosidl_typesupport_introspection_c.so
[51.823s] -- Set non-toolchain portion of runtime path of "/home/ym/ros2_voice_ws/install/voskros/lib/libvoskros__rosidl_typesupport_introspection_c.so" to ""
[51.824s] -- Installing: /home/ym/ros2_voice_ws/install/voskros/lib/libvoskros__rosidl_typesupport_c.so
[51.826s] -- Set non-toolchain portion of runtime path of "/home/ym/ros2_voice_ws/install/voskros/lib/libvoskros__rosidl_typesupport_c.so" to ""
[51.826s] -- Installing: /home/ym/ros2_voice_ws/install/voskros/lib/libvoskros__rosidl_typesupport_introspection_cpp.so
[51.828s] -- Set non-toolchain portion of runtime path of "/home/ym/ros2_voice_ws/install/voskros/lib/libvoskros__rosidl_typesupport_introspection_cpp.so" to ""
[51.829s] -- Installing: /home/ym/ros2_voice_ws/install/voskros/lib/libvoskros__rosidl_typesupport_cpp.so
[51.832s] -- Set non-toolchain portion of runtime path of "/home/ym/ros2_voice_ws/install/voskros/lib/libvoskros__rosidl_typesupport_cpp.so" to ""
[51.994s] Listing '/home/ym/ros2_voice_ws/install/voskros/lib/python3.12/site-packages/voskros'...
[51.994s] Compiling '/home/ym/ros2_voice_ws/install/voskros/lib/python3.12/site-packages/voskros/__init__.py'...
[51.995s] Listing '/home/ym/ros2_voice_ws/install/voskros/lib/python3.12/site-packages/voskros/srv'...
[51.996s] Compiling '/home/ym/ros2_voice_ws/install/voskros/lib/python3.12/site-packages/voskros/srv/__init__.py'...
[51.996s] Compiling '/home/ym/ros2_voice_ws/install/voskros/lib/python3.12/site-packages/voskros/srv/_set_grammar.py'...
[52.019s] -- Installing: /home/ym/ros2_voice_ws/install/voskros/lib/libvoskros__rosidl_generator_py.so
[52.020s] -- Set non-toolchain portion of runtime path of "/home/ym/ros2_voice_ws/install/voskros/lib/libvoskros__rosidl_generator_py.so" to ""
[52.022s] -- Installing: /home/ym/ros2_voice_ws/install/voskros/share/voskros/cmake/export_voskros__rosidl_generator_cExport.cmake
[52.023s] -- Installing: /home/ym/ros2_voice_ws/install/voskros/share/voskros/cmake/export_voskros__rosidl_generator_cExport-noconfig.cmake
[52.023s] -- Installing: /home/ym/ros2_voice_ws/install/voskros/share/voskros/cmake/export_voskros__rosidl_typesupport_fastrtps_cExport.cmake
[52.023s] -- Installing: /home/ym/ros2_voice_ws/install/voskros/share/voskros/cmake/export_voskros__rosidl_typesupport_fastrtps_cExport-noconfig.cmake
[52.025s] -- Installing: /home/ym/ros2_voice_ws/install/voskros/share/voskros/cmake/export_voskros__rosidl_generator_cppExport.cmake
[52.025s] -- Installing: /home/ym/ros2_voice_ws/install/voskros/share/voskros/cmake/export_voskros__rosidl_typesupport_fastrtps_cppExport.cmake
[52.025s] -- Installing: /home/ym/ros2_voice_ws/install/voskros/share/voskros/cmake/export_voskros__rosidl_typesupport_fastrtps_cppExport-noconfig.cmake
[52.026s] -- Installing: /home/ym/ros2_voice_ws/install/voskros/share/voskros/cmake/voskros__rosidl_typesupport_introspection_cExport.cmake
[52.026s] -- Installing: /home/ym/ros2_voice_ws/install/voskros/share/voskros/cmake/voskros__rosidl_typesupport_introspection_cExport-noconfig.cmake
[52.027s] -- Installing: /home/ym/ros2_voice_ws/install/voskros/share/voskros/cmake/voskros__rosidl_typesupport_cExport.cmake
[52.027s] -- Installing: /home/ym/ros2_voice_ws/install/voskros/share/voskros/cmake/voskros__rosidl_typesupport_cExport-noconfig.cmake
[52.028s] -- Installing: /home/ym/ros2_voice_ws/install/voskros/share/voskros/cmake/voskros__rosidl_typesupport_introspection_cppExport.cmake
[52.028s] -- Installing: /home/ym/ros2_voice_ws/install/voskros/share/voskros/cmake/voskros__rosidl_typesupport_introspection_cppExport-noconfig.cmake
[52.029s] -- Installing: /home/ym/ros2_voice_ws/install/voskros/share/voskros/cmake/voskros__rosidl_typesupport_cppExport.cmake
[52.029s] -- Installing: /home/ym/ros2_voice_ws/install/voskros/share/voskros/cmake/voskros__rosidl_typesupport_cppExport-noconfig.cmake
[52.030s] -- Installing: /home/ym/ros2_voice_ws/install/voskros/share/voskros/cmake/export_voskros__rosidl_generator_pyExport.cmake
[52.030s] -- Installing: /home/ym/ros2_voice_ws/install/voskros/share/voskros/cmake/export_voskros__rosidl_generator_pyExport-noconfig.cmake
[52.039s] Invoked command in '/home/ym/ros2_voice_ws/build/voskros' returned '0': CMAKE_PREFIX_PATH=${CMAKE_PREFIX_PATH}:/home/ym/ros2_voice_ws/install/voice_turtlesim_controller:/opt/ros/jazzy DEBUGINFOD_URLS=https://debuginfod.ubuntu.com PS1=(.venv) \[\e]0;\u@\h: \w\a\]${debian_chroot:+($debian_chroot)}\[\033[01;32m\]\u@\h\[\033[00m\]:\[\033[01;34m\]\w\[\033[00m\]\$ VIRTUAL_ENV_PROMPT=(.venv) /usr/bin/cmake --install /home/ym/ros2_voice_ws/build/voskros
