running develop
running egg_info
creating voice_turtlesim_controller.egg-info
writing voice_turtlesim_controller.egg-info/PKG-INFO
writing dependency_links to voice_turtlesim_controller.egg-info/dependency_links.txt
writing entry points to voice_turtlesim_controller.egg-info/entry_points.txt
writing requirements to voice_turtlesim_controller.egg-info/requires.txt
writing top-level names to voice_turtlesim_controller.egg-info/top_level.txt
writing manifest file 'voice_turtlesim_controller.egg-info/SOURCES.txt'
reading manifest file 'voice_turtlesim_controller.egg-info/SOURCES.txt'
writing manifest file 'voice_turtlesim_controller.egg-info/SOURCES.txt'
running build_ext
Creating /home/ym/ros2_voice_ws/install/voice_turtlesim_controller/lib/python3.12/site-packages/voice-turtlesim-controller.egg-link (link to .)
Installing voice_command_node script to /home/ym/ros2_voice_ws/install/voice_turtlesim_controller/lib/voice_turtlesim_controller

Installed /home/ym/ros2_voice_ws/build/voice_turtlesim_controller
running symlink_data
creating /home/ym/ros2_voice_ws/install/voice_turtlesim_controller/share/ament_index
creating /home/ym/ros2_voice_ws/install/voice_turtlesim_controller/share/ament_index/resource_index
creating /home/ym/ros2_voice_ws/install/voice_turtlesim_controller/share/ament_index/resource_index/packages
symbolically linking /home/ym/ros2_voice_ws/build/voice_turtlesim_controller/resource/voice_turtlesim_controller -> /home/ym/ros2_voice_ws/install/voice_turtlesim_controller/share/ament_index/resource_index/packages
symbolically linking /home/ym/ros2_voice_ws/build/voice_turtlesim_controller/package.xml -> /home/ym/ros2_voice_ws/install/voice_turtlesim_controller/share/voice_turtlesim_controller
