[8.771s] Invoking command in '/home/ym/ros2_voice_ws/build/voice_turtlesim_controller': DEBUGINFOD_URLS=https://debuginfod.ubuntu.com PS1=(.venv) \[\e]0;\u@\h: \w\a\]${debian_chroot:+($debian_chroot)}\[\033[01;32m\]\u@\h\[\033[00m\]:\[\033[01;34m\]\w\[\033[00m\]\$ PYTHONPATH=/home/ym/ros2_voice_ws/build/voice_turtlesim_controller/prefix_override:/usr/lib/python3/dist-packages/colcon_core/task/python/colcon_distutils_commands:/home/ym/ros2_voice_ws/install/voice_turtlesim_controller/lib/python3.12/site-packages:${PYTHONPATH} VIRTUAL_ENV_PROMPT=(.venv) /usr/bin/python3 -W ignore:setup.py install is deprecated -W ignore:easy_install command is deprecated setup.py develop --editable --build-directory /home/ym/ros2_voice_ws/build/voice_turtlesim_controller/build --no-deps symlink_data
[10.407s] running develop
[11.410s] running egg_info
[11.411s] creating voice_turtlesim_controller.egg-info
[11.513s] writing voice_turtlesim_controller.egg-info/PKG-INFO
[11.514s] writing dependency_links to voice_turtlesim_controller.egg-info/dependency_links.txt
[11.514s] writing entry points to voice_turtlesim_controller.egg-info/entry_points.txt
[11.516s] writing requirements to voice_turtlesim_controller.egg-info/requires.txt
[11.517s] writing top-level names to voice_turtlesim_controller.egg-info/top_level.txt
[11.518s] writing manifest file 'voice_turtlesim_controller.egg-info/SOURCES.txt'
[11.715s] reading manifest file 'voice_turtlesim_controller.egg-info/SOURCES.txt'
[11.719s] writing manifest file 'voice_turtlesim_controller.egg-info/SOURCES.txt'
[11.809s] running build_ext
[11.810s] Creating /home/ym/ros2_voice_ws/install/voice_turtlesim_controller/lib/python3.12/site-packages/voice-turtlesim-controller.egg-link (link to .)
[11.811s] Installing voice_command_node script to /home/ym/ros2_voice_ws/install/voice_turtlesim_controller/lib/voice_turtlesim_controller
[11.814s] 
[11.814s] Installed /home/ym/ros2_voice_ws/build/voice_turtlesim_controller
[11.814s] running symlink_data
[11.815s] creating /home/ym/ros2_voice_ws/install/voice_turtlesim_controller/share/ament_index
[11.816s] creating /home/ym/ros2_voice_ws/install/voice_turtlesim_controller/share/ament_index/resource_index
[11.816s] creating /home/ym/ros2_voice_ws/install/voice_turtlesim_controller/share/ament_index/resource_index/packages
[11.817s] symbolically linking /home/ym/ros2_voice_ws/build/voice_turtlesim_controller/resource/voice_turtlesim_controller -> /home/ym/ros2_voice_ws/install/voice_turtlesim_controller/share/ament_index/resource_index/packages
[11.820s] symbolically linking /home/ym/ros2_voice_ws/build/voice_turtlesim_controller/package.xml -> /home/ym/ros2_voice_ws/install/voice_turtlesim_controller/share/voice_turtlesim_controller
[11.935s] Invoked command in '/home/ym/ros2_voice_ws/build/voice_turtlesim_controller' returned '0': DEBUGINFOD_URLS=https://debuginfod.ubuntu.com PS1=(.venv) \[\e]0;\u@\h: \w\a\]${debian_chroot:+($debian_chroot)}\[\033[01;32m\]\u@\h\[\033[00m\]:\[\033[01;34m\]\w\[\033[00m\]\$ PYTHONPATH=/home/ym/ros2_voice_ws/build/voice_turtlesim_controller/prefix_override:/usr/lib/python3/dist-packages/colcon_core/task/python/colcon_distutils_commands:/home/ym/ros2_voice_ws/install/voice_turtlesim_controller/lib/python3.12/site-packages:${PYTHONPATH} VIRTUAL_ENV_PROMPT=(.venv) /usr/bin/python3 -W ignore:setup.py install is deprecated -W ignore:easy_install command is deprecated setup.py develop --editable --build-directory /home/ym/ros2_voice_ws/build/voice_turtlesim_controller/build --no-deps symlink_data
